<?xml version="1.0" encoding="UTF-8"?>
<!-- Generated by org.testng.reporters.JUnitXMLReporter -->
<testsuite ignored="0" hostname="heptagon" failures="0" tests="2" name="/home/sriram/Downloads/seleniumJava-20231219T123940Z-001/Live Project 1" time="10.892" errors="0" timestamp="2024-01-19T19:26:12 IST">
  <testcase classname="testcases.OpenBrowser" name="get_Automation_Testing_Website" time="3.022"/>
  <testcase classname="testcases.OpenBrowser" name="teststore_Automation_Testing" time="6.825"/>
</testsuite> <!-- /home/sriram/Downloads/seleniumJava-20231219T123940Z-001/Live Project 1 -->
