<?xml version="1.0" encoding="UTF-8"?>
<!-- Generated by org.testng.reporters.JUnitXMLReporter -->
<testsuite ignored="0" hostname="heptagon" failures="0" tests="3" name="/home/sriram/Downloads/seleniumJava-20231219T123940Z-001/Live Project 1" time="9.656" errors="0" timestamp="2024-01-20T15:54:46 IST">
  <testcase classname="testcases.OpenBrowser" name="get_Automation_Testing_Website" time="3.952"/>
  <testcase classname="testcases.OpenBrowser" name="teststore_Automation_Testing" time="6.897"/>
  <testcase classname="testcases.OpenBrowser" name="get_Automation_Testing_Website2" time="4.061"/>
</testsuite> <!-- /home/sriram/Downloads/seleniumJava-20231219T123940Z-001/Live Project 1 -->
